<?xml version="1.0" encoding="UTF-8"?>
<!-- Generated by org.testng.reporters.JUnitReportReporter -->
<testsuite hostname="DESKTOP-QBF8APR" failures="0" tests="1" name="testCases.TC005_SearchPage" time="17.223" errors="0" timestamp="2024-09-16T14:55:23 IST" skipped="0">
  <testcase classname="testCases.TC005_SearchPage" name="SearchPage" time="17.223"/>
</testsuite> <!-- testCases.TC005_SearchPage -->
