<?xml version="1.0" encoding="UTF-8"?>
<!-- Generated by org.testng.reporters.JUnitReportReporter -->
<testsuite hostname="DESKTOP-QBF8APR" failures="0" tests="1" name="testCases.TC001_HomePage" time="71.816" errors="0" timestamp="2024-09-16T14:55:23 IST" skipped="0">
  <testcase classname="testCases.TC001_HomePage" name="HomeContents" time="71.816"/>
</testsuite> <!-- testCases.TC001_HomePage -->
