<?xml version="1.0" encoding="UTF-8"?>
<!-- Generated by org.testng.reporters.JUnitReportReporter -->
<testsuite hostname="DESKTOP-QBF8APR" failures="0" tests="2" name="testCases.TC007_EndtoEndTest" time="230.222" errors="0" timestamp="2024-09-17T17:55:24 IST" skipped="0">
  <testcase classname="testCases.TC007_EndtoEndTest" name="endToendTest" time="177.682"/>
  <testcase classname="testCases.TC007_EndtoEndTest" name="endToendTest" time="52.540"/>
</testsuite> <!-- testCases.TC007_EndtoEndTest -->
