<?xml version="1.0" encoding="UTF-8"?>
<!-- Generated by org.testng.reporters.JUnitReportReporter -->
<testsuite hostname="DESKTOP-QBF8APR" failures="0" tests="5" name="testCases.TC004_LoginDDT" time="62.574" errors="0" timestamp="2024-09-16T14:55:23 IST" skipped="0">
  <testcase classname="testCases.TC004_LoginDDT" name="verify_loginDDT" time="15.134"/>
  <testcase classname="testCases.TC004_LoginDDT" name="verify_loginDDT" time="14.536"/>
  <testcase classname="testCases.TC004_LoginDDT" name="verify_loginDDT" time="13.837"/>
  <testcase classname="testCases.TC004_LoginDDT" name="verify_loginDDT" time="5.061"/>
  <testcase classname="testCases.TC004_LoginDDT" name="verify_loginDDT" time="14.006"/>
</testsuite> <!-- testCases.TC004_LoginDDT -->
