<?xml version="1.0" encoding="UTF-8"?>
<!-- Generated by org.testng.reporters.JUnitReportReporter -->
<testsuite hostname="DESKTOP-QBF8APR" failures="0" tests="4" name="testCases.TC002_LoginPage" time="27.299" errors="0" timestamp="2024-09-16T14:55:23 IST" skipped="0">
  <testcase classname="testCases.TC002_LoginPage" name="Sucessfullogin" time="9.105"/>
  <testcase classname="testCases.TC002_LoginPage" name="InvalidPass" time="5.720"/>
  <testcase classname="testCases.TC002_LoginPage" name="InvalidUser" time="6.805"/>
  <testcase classname="testCases.TC002_LoginPage" name="LostPassword" time="5.669"/>
</testsuite> <!-- testCases.TC002_LoginPage -->
