<?xml version="1.0" encoding="UTF-8"?>
<!-- Generated by org.testng.reporters.JUnitReportReporter -->
<testsuite hostname="DESKTOP-QBF8APR" failures="0" tests="1" name="testCases.TC007_EndtoEndTest" time="32.443" errors="0" timestamp="2024-09-18T17:57:07 IST" skipped="0">
  <testcase classname="testCases.TC007_EndtoEndTest" name="endToendTest" time="32.443"/>
</testsuite> <!-- testCases.TC007_EndtoEndTest -->
