<?xml version="1.0" encoding="UTF-8"?>
<!-- Generated by org.testng.reporters.JUnitReportReporter -->
<testsuite hostname="DESKTOP-QBF8APR" failures="0" tests="1" name="testCases.TC003_DashBoardPage" time="60.600" errors="0" timestamp="2024-09-15T20:00:40 IST" skipped="0">
  <testcase classname="testCases.TC003_DashBoardPage" name="DashBoardContents" time="60.600"/>
</testsuite> <!-- testCases.TC003_DashBoardPage -->
